<?xml version="1.0" encoding="UTF-8"?>
<!-- Generated by org.testng.reporters.JUnitXMLReporter -->
<testsuite ignored="6" hostname="LTIN484790" failures="1" tests="9" name="Test1" time="70.417" errors="0" timestamp="2024-02-27T23:52:04 IST">
  <testcase classname="testCases.SearchDoctors" name="validateLogo" time="0.16"/>
  <testcase classname="testCases.SearchDoctors" name="validateTitle" time="0.305"/>
  <testcase classname="testCases.SearchDoctors" name="validateSpeciality" time="4.92"/>
  <testcase classname="testCases.ListingReqDoctors" name="validateFilters" time="9.498">
    <failure type="java.lang.AssertionError" message="The following asserts failed:
	expected [Above â‚¹500] but found [Above ₹500]">
      <![CDATA[java.lang.AssertionError: The following asserts failed:
expected [Above â‚¹500] but found [Above ₹500]
at testCases.ListingReqDoctors.validateFilters(ListingReqDoctors.java:26)
at java.base/java.util.ArrayList.forEach(ArrayList.java:1511)
... Removed 29 stack frames]]>
    </failure>
  </testcase> <!-- validateFilters -->
  <testcase classname="testCases.ListingReqDoctors" name="getDetails" time="2.002"/>
  <testcase classname="testCases.ListingSurgeries" name="verifySurgeryPage" time="1.146"/>
  <testcase classname="testCases.ListingSurgeries" name="availableSurgeries" time="3.241"/>
  <testcase classname="testCases.CorporateForm" name="verifyFormPage" time="5.057"/>
  <testcase classname="testCases.CorporateForm" name="validateForm" time="31.012"/>
  <testcase classname="baseClasses.BaseClass" name="@AfterTest tearDown" time="0.0">
    <ignored/>
  </testcase> <!-- @AfterTest tearDown -->
  <testcase classname="baseClasses.BaseClass" name="@BeforeTest setup" time="0.0">
    <ignored/>
  </testcase> <!-- @BeforeTest setup -->
  <testcase classname="baseClasses.BaseClass" name="@BeforeTest setup" time="0.0">
    <ignored/>
  </testcase> <!-- @BeforeTest setup -->
  <testcase classname="baseClasses.BaseClass" name="@AfterTest tearDown" time="0.0">
    <ignored/>
  </testcase> <!-- @AfterTest tearDown -->
  <testcase classname="baseClasses.BaseClass" name="@BeforeTest setup" time="0.0">
    <ignored/>
  </testcase> <!-- @BeforeTest setup -->
  <testcase classname="baseClasses.BaseClass" name="@AfterTest tearDown" time="0.0">
    <ignored/>
  </testcase> <!-- @AfterTest tearDown -->
</testsuite> <!-- Test1 -->
